<?xml version="1.0" encoding="UTF-8"?>
<!-- Generated by org.testng.reporters.JUnitXMLReporter -->
<testsuite hostname="LAPTOP-1SOSK19O" name="OSChina" tests="4" failures="0" timestamp="3 Aug 2017 02:13:18 GMT" time="0.023" errors="0">
  <testcase name="test_login_case" time="0.006" classname="com.oschina.test.Login_Case">
    <skipped/>
  </testcase> <!-- test_login_case -->
  <testcase name="test_pwd_null_case" time="0.0" classname="com.oschina.test.Login_Case">
    <skipped/>
  </testcase> <!-- test_pwd_null_case -->
  <testcase name="test_user_null_case" time="0.001" classname="com.oschina.test.Login_Case">
    <skipped/>
  </testcase> <!-- test_user_null_case -->
  <testcase name="test_user_pwd_error_case" time="0.0" classname="com.oschina.test.Login_Case">
    <skipped/>
  </testcase> <!-- test_user_pwd_error_case -->
</testsuite> <!-- OSChina -->
