<?xml version="1.0" encoding="UTF-8"?>
<!-- Generated by org.testng.reporters.JUnitXMLReporter -->
<testsuite hostname="LAPTOP-FSQO98E0" ignored="0" name="Test" tests="4" failures="0" timestamp="13 十月 2017 02:14:29 GMT" time="131.381" errors="0">
  <testcase name="test_login_case" time="18.672" classname="com.oschina.test.Login_Case"/>
  <testcase name="test_pwd_null_case" time="18.543" classname="com.oschina.test.Login_Case"/>
  <testcase name="test_user_null_case" time="17.772" classname="com.oschina.test.Login_Case"/>
  <testcase name="test_user_pwd_error_case" time="64.258" classname="com.oschina.test.Login_Case"/>
</testsuite> <!-- Test -->
