<?xml version="1.0" encoding="UTF-8"?>
<!-- Generated by org.testng.reporters.JUnitXMLReporter -->
<testsuite hostname="LAPTOP-1SOSK19O" name="Test" tests="12" failures="0" timestamp="31 Jul 2017 07:54:00 GMT" time="167.779" errors="0">
  <testcase name="test_login_case" time="15.551" classname="com.oschina.test.Login_Case"/>
  <testcase name="test_pwd_null_case" time="14.354" classname="com.oschina.test.Login_Case"/>
  <testcase name="test_user_null_case" time="13.941" classname="com.oschina.test.Login_Case"/>
  <testcase name="test_user_pwd_error_case" time="14.266" classname="com.oschina.test.Login_Case"/>
  <testcase name="test_home_add_software_case" time="5.908" classname="com.oschina.test.Home_Case"/>
  <testcase name="test_home_blog_case" time="5.122" classname="com.oschina.test.Home_Case"/>
  <testcase name="test_home_code_case" time="5.675" classname="com.oschina.test.Home_Case"/>
  <testcase name="test_home_discuss_case" time="5.159" classname="com.oschina.test.Home_Case"/>
  <testcase name="test_home_favorites_case" time="5.377" classname="com.oschina.test.Home_Case"/>
  <testcase name="test_home_friends_case" time="5.372" classname="com.oschina.test.Home_Case"/>
  <testcase name="test_home_msg_case" time="5.275" classname="com.oschina.test.Home_Case"/>
  <testcase name="test_home_profile_case" time="5.375" classname="com.oschina.test.Home_Case"/>
</testsuite> <!-- Test -->
