<?xml version="1.0" encoding="UTF-8"?>
<testng-results skipped="0" failed="1" ignored="0" total="4" passed="3">
  <reporter-output>
  </reporter-output>
  <suite name="Suite" duration-ms="124857" started-at="2017-07-12T06:52:29Z" finished-at="2017-07-12T06:54:34Z">
    <groups>
    </groups>
    <test name="Test" duration-ms="124857" started-at="2017-07-12T06:52:29Z" finished-at="2017-07-12T06:54:34Z">
      <class name="com.oschina.test.Login_Case">
        <test-method status="PASS" signature="beforeMethod()[pri:0, instance:com.oschina.test.Login_Case@239963d8]" name="beforeMethod" is-config="true" duration-ms="3613" started-at="2017-07-12T14:52:29Z" finished-at="2017-07-12T14:52:33Z">
          <reporter-output>
          </reporter-output>
        </test-method> <!-- beforeMethod -->
        <test-method status="FAIL" signature="test_login_case()[pri:0, instance:com.oschina.test.Login_Case@239963d8]" name="test_login_case" duration-ms="48518" started-at="2017-07-12T14:52:33Z" finished-at="2017-07-12T14:53:22Z">
          <exception class="org.openqa.selenium.NoSuchElementException">
            <message>
              <![CDATA[no such element: Unable to locate element: {"method":"xpath","selector":"/html/body/header/div/div[2]/div/span"}
  (Session info: chrome=59.0.3071.109)
  (Driver info: chromedriver=2.29.461591 (62ebf098771772160f391d75e589dc567915b233),platform=Windows NT 10.0.15063 x86_64) (WARNING: The server did not provide any stacktrace information)
Command duration or timeout: 30.05 seconds
For documentation on this error, please visit: http://seleniumhq.org/exceptions/no_such_element.html
Build info: version: 'unknown', revision: '1969d75', time: '2016-10-18 09:43:45 -0700'
System info: host: 'LAPTOP-1SOSK19O', ip: '192.168.55.144', os.name: 'Windows 10', os.arch: 'amd64', os.version: '10.0', java.version: '1.8.0_131'
Driver info: org.openqa.selenium.chrome.ChromeDriver
Capabilities [{applicationCacheEnabled=false, rotatable=false, mobileEmulationEnabled=false, networkConnectionEnabled=false, chrome={chromedriverVersion=2.29.461591 (62ebf098771772160f391d75e589dc567915b233), userDataDir=C:\Users\Veryci\AppData\Local\Temp\scoped_dir11644_188}, takesHeapSnapshot=true, pageLoadStrategy=normal, databaseEnabled=false, handlesAlerts=true, hasTouchScreen=false, version=59.0.3071.109, platform=XP, browserConnectionEnabled=false, nativeEvents=true, acceptSslCerts=true, locationContextEnabled=true, webStorageEnabled=true, browserName=chrome, takesScreenshot=true, javascriptEnabled=true, cssSelectorsEnabled=true, unexpectedAlertBehaviour=}]
Session ID: c777287a31a6b9b3b8d984033ce1957e
*** Element info: {Using=xpath, value=/html/body/header/div/div[2]/div/span}]]>
            </message>
            <full-stacktrace>
              <![CDATA[org.openqa.selenium.NoSuchElementException: no such element: Unable to locate element: {"method":"xpath","selector":"/html/body/header/div/div[2]/div/span"}
  (Session info: chrome=59.0.3071.109)
  (Driver info: chromedriver=2.29.461591 (62ebf098771772160f391d75e589dc567915b233),platform=Windows NT 10.0.15063 x86_64) (WARNING: The server did not provide any stacktrace information)
Command duration or timeout: 30.05 seconds
For documentation on this error, please visit: http://seleniumhq.org/exceptions/no_such_element.html
Build info: version: 'unknown', revision: '1969d75', time: '2016-10-18 09:43:45 -0700'
System info: host: 'LAPTOP-1SOSK19O', ip: '192.168.55.144', os.name: 'Windows 10', os.arch: 'amd64', os.version: '10.0', java.version: '1.8.0_131'
Driver info: org.openqa.selenium.chrome.ChromeDriver
Capabilities [{applicationCacheEnabled=false, rotatable=false, mobileEmulationEnabled=false, networkConnectionEnabled=false, chrome={chromedriverVersion=2.29.461591 (62ebf098771772160f391d75e589dc567915b233), userDataDir=C:\Users\Veryci\AppData\Local\Temp\scoped_dir11644_188}, takesHeapSnapshot=true, pageLoadStrategy=normal, databaseEnabled=false, handlesAlerts=true, hasTouchScreen=false, version=59.0.3071.109, platform=XP, browserConnectionEnabled=false, nativeEvents=true, acceptSslCerts=true, locationContextEnabled=true, webStorageEnabled=true, browserName=chrome, takesScreenshot=true, javascriptEnabled=true, cssSelectorsEnabled=true, unexpectedAlertBehaviour=}]
Session ID: c777287a31a6b9b3b8d984033ce1957e
*** Element info: {Using=xpath, value=/html/body/header/div/div[2]/div/span}
	at sun.reflect.NativeConstructorAccessorImpl.newInstance0(Native Method)
	at sun.reflect.NativeConstructorAccessorImpl.newInstance(Unknown Source)
	at sun.reflect.DelegatingConstructorAccessorImpl.newInstance(Unknown Source)
	at java.lang.reflect.Constructor.newInstance(Unknown Source)
	at org.openqa.selenium.remote.ErrorHandler.createThrowable(ErrorHandler.java:216)
	at org.openqa.selenium.remote.ErrorHandler.throwIfResponseFailed(ErrorHandler.java:168)
	at org.openqa.selenium.remote.RemoteWebDriver.execute(RemoteWebDriver.java:635)
	at org.openqa.selenium.remote.RemoteWebDriver.findElement(RemoteWebDriver.java:368)
	at org.openqa.selenium.remote.RemoteWebDriver.findElementByXPath(RemoteWebDriver.java:473)
	at org.openqa.selenium.By$ByXPath.findElement(By.java:361)
	at org.openqa.selenium.remote.RemoteWebDriver.findElement(RemoteWebDriver.java:360)
	at com.oschina.base.LoginPage.login_assert(LoginPage.java:46)
	at com.oschina.pom.OSLogin.login_assert(OSLogin.java:39)
	at com.oschina.test.Login_Case.test_login_case(Login_Case.java:71)
	at sun.reflect.NativeMethodAccessorImpl.invoke0(Native Method)
	at sun.reflect.NativeMethodAccessorImpl.invoke(Unknown Source)
	at sun.reflect.DelegatingMethodAccessorImpl.invoke(Unknown Source)
	at java.lang.reflect.Method.invoke(Unknown Source)
	at org.testng.internal.MethodInvocationHelper.invokeMethod(MethodInvocationHelper.java:108)
	at org.testng.internal.Invoker.invokeMethod(Invoker.java:661)
	at org.testng.internal.Invoker.invokeTestMethod(Invoker.java:869)
	at org.testng.internal.Invoker.invokeTestMethods(Invoker.java:1193)
	at org.testng.internal.TestMethodWorker.invokeTestMethods(TestMethodWorker.java:126)
	at org.testng.internal.TestMethodWorker.run(TestMethodWorker.java:109)
	at org.testng.TestRunner.privateRun(TestRunner.java:744)
	at org.testng.TestRunner.run(TestRunner.java:602)
	at org.testng.SuiteRunner.runTest(SuiteRunner.java:380)
	at org.testng.SuiteRunner.runSequentially(SuiteRunner.java:375)
	at org.testng.SuiteRunner.privateRun(SuiteRunner.java:340)
	at org.testng.SuiteRunner.run(SuiteRunner.java:289)
	at org.testng.SuiteRunnerWorker.runSuite(SuiteRunnerWorker.java:52)
	at org.testng.SuiteRunnerWorker.run(SuiteRunnerWorker.java:86)
	at org.testng.TestNG.runSuitesSequentially(TestNG.java:1301)
	at org.testng.TestNG.runSuitesLocally(TestNG.java:1226)
	at org.testng.TestNG.runSuites(TestNG.java:1144)
	at org.testng.TestNG.run(TestNG.java:1115)
	at org.testng.remote.AbstractRemoteTestNG.run(AbstractRemoteTestNG.java:132)
	at org.testng.remote.RemoteTestNG.initAndRun(RemoteTestNG.java:230)
	at org.testng.remote.RemoteTestNG.main(RemoteTestNG.java:76)
]]>
            </full-stacktrace>
          </exception> <!-- org.openqa.selenium.NoSuchElementException -->
          <reporter-output>
          </reporter-output>
        </test-method> <!-- test_login_case -->
        <test-method status="PASS" signature="afterMethod()[pri:0, instance:com.oschina.test.Login_Case@239963d8]" name="afterMethod" is-config="true" duration-ms="255" started-at="2017-07-12T14:53:22Z" finished-at="2017-07-12T14:53:22Z">
          <reporter-output>
          </reporter-output>
        </test-method> <!-- afterMethod -->
        <test-method status="PASS" signature="beforeMethod()[pri:0, instance:com.oschina.test.Login_Case@239963d8]" name="beforeMethod" is-config="true" duration-ms="2024" started-at="2017-07-12T14:53:22Z" finished-at="2017-07-12T14:53:24Z">
          <reporter-output>
          </reporter-output>
        </test-method> <!-- beforeMethod -->
        <test-method status="PASS" signature="test_pwd_null_case()[pri:0, instance:com.oschina.test.Login_Case@239963d8]" name="test_pwd_null_case" duration-ms="21415" started-at="2017-07-12T14:53:24Z" finished-at="2017-07-12T14:53:45Z">
          <reporter-output>
          </reporter-output>
        </test-method> <!-- test_pwd_null_case -->
        <test-method status="PASS" signature="afterMethod()[pri:0, instance:com.oschina.test.Login_Case@239963d8]" name="afterMethod" is-config="true" duration-ms="76" started-at="2017-07-12T14:53:45Z" finished-at="2017-07-12T14:53:45Z">
          <reporter-output>
          </reporter-output>
        </test-method> <!-- afterMethod -->
        <test-method status="PASS" signature="beforeMethod()[pri:0, instance:com.oschina.test.Login_Case@239963d8]" name="beforeMethod" is-config="true" duration-ms="2234" started-at="2017-07-12T14:53:45Z" finished-at="2017-07-12T14:53:48Z">
          <reporter-output>
          </reporter-output>
        </test-method> <!-- beforeMethod -->
        <test-method status="PASS" signature="test_user_null_case()[pri:0, instance:com.oschina.test.Login_Case@239963d8]" name="test_user_null_case" duration-ms="22219" started-at="2017-07-12T14:53:48Z" finished-at="2017-07-12T14:54:10Z">
          <reporter-output>
          </reporter-output>
        </test-method> <!-- test_user_null_case -->
        <test-method status="PASS" signature="afterMethod()[pri:0, instance:com.oschina.test.Login_Case@239963d8]" name="afterMethod" is-config="true" duration-ms="150" started-at="2017-07-12T14:54:10Z" finished-at="2017-07-12T14:54:10Z">
          <reporter-output>
          </reporter-output>
        </test-method> <!-- afterMethod -->
        <test-method status="PASS" signature="beforeMethod()[pri:0, instance:com.oschina.test.Login_Case@239963d8]" name="beforeMethod" is-config="true" duration-ms="2372" started-at="2017-07-12T14:54:10Z" finished-at="2017-07-12T14:54:12Z">
          <reporter-output>
          </reporter-output>
        </test-method> <!-- beforeMethod -->
        <test-method status="PASS" signature="test_user_pwd_error_case()[pri:0, instance:com.oschina.test.Login_Case@239963d8]" name="test_user_pwd_error_case" duration-ms="21837" started-at="2017-07-12T14:54:12Z" finished-at="2017-07-12T14:54:34Z">
          <reporter-output>
          </reporter-output>
        </test-method> <!-- test_user_pwd_error_case -->
        <test-method status="PASS" signature="afterMethod()[pri:0, instance:com.oschina.test.Login_Case@239963d8]" name="afterMethod" is-config="true" duration-ms="87" started-at="2017-07-12T14:54:34Z" finished-at="2017-07-12T14:54:34Z">
          <reporter-output>
          </reporter-output>
        </test-method> <!-- afterMethod -->
      </class> <!-- com.oschina.test.Login_Case -->
    </test> <!-- Test -->
  </suite> <!-- Suite -->
</testng-results>
